ERROR - 2025-11-25 01:59:35 --> mysqli_sql_exception: Unknown column 'first_name' in 'field list' in C:\xampp\htdocs\Framework\codeigniter4-framework-68d1a58\system\Database\MySQLi\Connection.php:327
Stack trace:
#0 C:\xampp\htdocs\Framework\codeigniter4-framework-68d1a58\system\Database\MySQLi\Connection.php(327): mysqli->query('INSERT INTO `st...', 0)
#1 C:\xampp\htdocs\Framework\codeigniter4-framework-68d1a58\system\Database\BaseConnection.php(729): CodeIgniter\Database\MySQLi\Connection->execute('INSERT INTO `st...')
#2 C:\xampp\htdocs\Framework\codeigniter4-framework-68d1a58\system\Database\BaseConnection.php(646): CodeIgniter\Database\BaseConnection->simpleQuery('INSERT INTO `st...')
#3 C:\xampp\htdocs\Framework\codeigniter4-framework-68d1a58\system\Database\BaseBuilder.php(2345): CodeIgniter\Database\BaseConnection->query('INSERT INTO `st...', Array, false)
#4 C:\xampp\htdocs\Framework\codeigniter4-framework-68d1a58\system\Model.php(394): CodeIgniter\Database\BaseBuilder->insert()
#5 C:\xampp\htdocs\Framework\codeigniter4-framework-68d1a58\system\BaseModel.php(838): CodeIgniter\Model->doInsert(Array)
#6 C:\xampp\htdocs\Framework\codeigniter4-framework-68d1a58\system\Model.php(797): CodeIgniter\BaseModel->insert(Array, false)
#7 C:\xampp\htdocs\Framework\codeigniter4-framework-68d1a58\system\BaseModel.php(751): CodeIgniter\Model->insert(Array, false)
#8 C:\xampp\htdocs\Framework\codeigniter4-framework-68d1a58\app\Controllers\Student.php(25): CodeIgniter\BaseModel->save(Array)
#9 C:\xampp\htdocs\Framework\codeigniter4-framework-68d1a58\system\CodeIgniter.php(933): App\Controllers\Student->store()
#10 C:\xampp\htdocs\Framework\codeigniter4-framework-68d1a58\system\CodeIgniter.php(507): CodeIgniter\CodeIgniter->runController(Object(App\Controllers\Student))
#11 C:\xampp\htdocs\Framework\codeigniter4-framework-68d1a58\system\CodeIgniter.php(354): CodeIgniter\CodeIgniter->handleRequest(NULL, Object(Config\Cache), false)
#12 C:\xampp\htdocs\Framework\codeigniter4-framework-68d1a58\system\Boot.php(363): CodeIgniter\CodeIgniter->run()
#13 C:\xampp\htdocs\Framework\codeigniter4-framework-68d1a58\system\Boot.php(68): CodeIgniter\Boot::runCodeIgniter(Object(CodeIgniter\CodeIgniter))
#14 C:\xampp\htdocs\Framework\codeigniter4-framework-68d1a58\public\index.php(59): CodeIgniter\Boot::bootWeb(Object(Config\Paths))
#15 {main}
CRITICAL - 2025-11-25 01:59:35 --> CodeIgniter\Database\Exceptions\DatabaseException: Unknown column 'first_name' in 'field list'
[Method: POST, Route: students/store]
in SYSTEMPATH\Database\BaseConnection.php on line 684.
 1 SYSTEMPATH\Database\BaseBuilder.php(2345): CodeIgniter\Database\BaseConnection->query('INSERT INTO `students` (`first_name`, `last_name`, `email`, `created_at`, `updated_at`) VALUES (:first_name:, :last_name:, :email:, :created_at:, :updated_at:)', [...], false)
 2 SYSTEMPATH\Model.php(394): CodeIgniter\Database\BaseBuilder->insert()
 3 SYSTEMPATH\BaseModel.php(838): CodeIgniter\Model->doInsert([...])
 4 SYSTEMPATH\Model.php(797): CodeIgniter\BaseModel->insert([...], false)
 5 SYSTEMPATH\BaseModel.php(751): CodeIgniter\Model->insert([...], false)
 6 APPPATH\Controllers\Student.php(25): CodeIgniter\BaseModel->save([...])
 7 SYSTEMPATH\CodeIgniter.php(933): App\Controllers\Student->store()
 8 SYSTEMPATH\CodeIgniter.php(507): CodeIgniter\CodeIgniter->runController(Object(App\Controllers\Student))
 9 SYSTEMPATH\CodeIgniter.php(354): CodeIgniter\CodeIgniter->handleRequest(null, Object(Config\Cache), false)
10 SYSTEMPATH\Boot.php(363): CodeIgniter\CodeIgniter->run()
11 SYSTEMPATH\Boot.php(68): CodeIgniter\Boot::runCodeIgniter(Object(CodeIgniter\CodeIgniter))
12 FCPATH\index.php(59): CodeIgniter\Boot::bootWeb(Object(Config\Paths))
CRITICAL - 2025-11-25 01:59:35 --> [Caused by] CodeIgniter\Database\Exceptions\DatabaseException: Unknown column 'first_name' in 'field list'
in SYSTEMPATH\Database\MySQLi\Connection.php on line 332.
 1 SYSTEMPATH\Database\BaseConnection.php(729): CodeIgniter\Database\MySQLi\Connection->execute('INSERT INTO `students` (`first_name`, `last_name`, `email`, `created_at`, `updated_at`) VALUES (\'John\', \'E.\', \'d@gmail.com\', \'2025-11-25 01:59:35\', \'2025-11-25 01:59:35\')')
 2 SYSTEMPATH\Database\BaseConnection.php(646): CodeIgniter\Database\BaseConnection->simpleQuery('INSERT INTO `students` (`first_name`, `last_name`, `email`, `created_at`, `updated_at`) VALUES (\'John\', \'E.\', \'d@gmail.com\', \'2025-11-25 01:59:35\', \'2025-11-25 01:59:35\')')
 3 SYSTEMPATH\Database\BaseBuilder.php(2345): CodeIgniter\Database\BaseConnection->query('INSERT INTO `students` (`first_name`, `last_name`, `email`, `created_at`, `updated_at`) VALUES (:first_name:, :last_name:, :email:, :created_at:, :updated_at:)', [...], false)
 4 SYSTEMPATH\Model.php(394): CodeIgniter\Database\BaseBuilder->insert()
 5 SYSTEMPATH\BaseModel.php(838): CodeIgniter\Model->doInsert([...])
 6 SYSTEMPATH\Model.php(797): CodeIgniter\BaseModel->insert([...], false)
 7 SYSTEMPATH\BaseModel.php(751): CodeIgniter\Model->insert([...], false)
 8 APPPATH\Controllers\Student.php(25): CodeIgniter\BaseModel->save([...])
 9 SYSTEMPATH\CodeIgniter.php(933): App\Controllers\Student->store()
10 SYSTEMPATH\CodeIgniter.php(507): CodeIgniter\CodeIgniter->runController(Object(App\Controllers\Student))
11 SYSTEMPATH\CodeIgniter.php(354): CodeIgniter\CodeIgniter->handleRequest(null, Object(Config\Cache), false)
12 SYSTEMPATH\Boot.php(363): CodeIgniter\CodeIgniter->run()
13 SYSTEMPATH\Boot.php(68): CodeIgniter\Boot::runCodeIgniter(Object(CodeIgniter\CodeIgniter))
14 FCPATH\index.php(59): CodeIgniter\Boot::bootWeb(Object(Config\Paths))
CRITICAL - 2025-11-25 01:59:35 --> [Caused by] mysqli_sql_exception: Unknown column 'first_name' in 'field list'
in SYSTEMPATH\Database\MySQLi\Connection.php on line 327.
 1 SYSTEMPATH\Database\MySQLi\Connection.php(327): mysqli->query('INSERT INTO `students` (`first_name`, `last_name`, `email`, `created_at`, `updated_at`) VALUES (\'John\', \'E.\', \'d@gmail.com\', \'2025-11-25 01:59:35\', \'2025-11-25 01:59:35\')', 0)
 2 SYSTEMPATH\Database\BaseConnection.php(729): CodeIgniter\Database\MySQLi\Connection->execute('INSERT INTO `students` (`first_name`, `last_name`, `email`, `created_at`, `updated_at`) VALUES (\'John\', \'E.\', \'d@gmail.com\', \'2025-11-25 01:59:35\', \'2025-11-25 01:59:35\')')
 3 SYSTEMPATH\Database\BaseConnection.php(646): CodeIgniter\Database\BaseConnection->simpleQuery('INSERT INTO `students` (`first_name`, `last_name`, `email`, `created_at`, `updated_at`) VALUES (\'John\', \'E.\', \'d@gmail.com\', \'2025-11-25 01:59:35\', \'2025-11-25 01:59:35\')')
 4 SYSTEMPATH\Database\BaseBuilder.php(2345): CodeIgniter\Database\BaseConnection->query('INSERT INTO `students` (`first_name`, `last_name`, `email`, `created_at`, `updated_at`) VALUES (:first_name:, :last_name:, :email:, :created_at:, :updated_at:)', [...], false)
 5 SYSTEMPATH\Model.php(394): CodeIgniter\Database\BaseBuilder->insert()
 6 SYSTEMPATH\BaseModel.php(838): CodeIgniter\Model->doInsert([...])
 7 SYSTEMPATH\Model.php(797): CodeIgniter\BaseModel->insert([...], false)
 8 SYSTEMPATH\BaseModel.php(751): CodeIgniter\Model->insert([...], false)
 9 APPPATH\Controllers\Student.php(25): CodeIgniter\BaseModel->save([...])
10 SYSTEMPATH\CodeIgniter.php(933): App\Controllers\Student->store()
11 SYSTEMPATH\CodeIgniter.php(507): CodeIgniter\CodeIgniter->runController(Object(App\Controllers\Student))
12 SYSTEMPATH\CodeIgniter.php(354): CodeIgniter\CodeIgniter->handleRequest(null, Object(Config\Cache), false)
13 SYSTEMPATH\Boot.php(363): CodeIgniter\CodeIgniter->run()
14 SYSTEMPATH\Boot.php(68): CodeIgniter\Boot::runCodeIgniter(Object(CodeIgniter\CodeIgniter))
15 FCPATH\index.php(59): CodeIgniter\Boot::bootWeb(Object(Config\Paths))
